[debug] [2023-07-26T02:13:41.839Z] ----------------------------------------------------------------------
[debug] [2023-07-26T02:13:41.842Z] Command:       /usr/local/Cellar/node/19.9.0/bin/node /usr/local/bin/firebase deploy --only functions
[debug] [2023-07-26T02:13:41.842Z] CLI Version:   12.4.6
[debug] [2023-07-26T02:13:41.843Z] Platform:      darwin
[debug] [2023-07-26T02:13:41.843Z] Node Version:  v19.9.0
[debug] [2023-07-26T02:13:41.843Z] Time:          Tue Jul 25 2023 21:13:41 GMT-0500 (Central Daylight Time)
[debug] [2023-07-26T02:13:41.843Z] ----------------------------------------------------------------------
[debug] 
[debug] [2023-07-26T02:13:41.917Z] > command requires scopes: ["email","openid","https://www.googleapis.com/auth/cloudplatformprojects.readonly","https://www.googleapis.com/auth/firebase","https://www.googleapis.com/auth/cloud-platform"]
[debug] [2023-07-26T02:13:41.917Z] > authorizing via signed-in user (schreck2@gmail.com)
[debug] [2023-07-26T02:13:41.917Z] [iam] checking project jerzboiz for permissions ["cloudfunctions.functions.create","cloudfunctions.functions.delete","cloudfunctions.functions.get","cloudfunctions.functions.list","cloudfunctions.functions.update","cloudfunctions.operations.get","firebase.projects.get"]
[debug] [2023-07-26T02:13:41.920Z] >>> [apiv2][query] POST https://cloudresourcemanager.googleapis.com/v1/projects/jerzboiz:testIamPermissions [none]
[debug] [2023-07-26T02:13:41.920Z] >>> [apiv2][(partial)header] POST https://cloudresourcemanager.googleapis.com/v1/projects/jerzboiz:testIamPermissions x-goog-quota-user=projects/jerzboiz
[debug] [2023-07-26T02:13:41.920Z] >>> [apiv2][body] POST https://cloudresourcemanager.googleapis.com/v1/projects/jerzboiz:testIamPermissions {"permissions":["cloudfunctions.functions.create","cloudfunctions.functions.delete","cloudfunctions.functions.get","cloudfunctions.functions.list","cloudfunctions.functions.update","cloudfunctions.operations.get","firebase.projects.get"]}
[debug] [2023-07-26T02:13:42.096Z] <<< [apiv2][status] POST https://cloudresourcemanager.googleapis.com/v1/projects/jerzboiz:testIamPermissions 200
[debug] [2023-07-26T02:13:42.096Z] <<< [apiv2][body] POST https://cloudresourcemanager.googleapis.com/v1/projects/jerzboiz:testIamPermissions {"permissions":["cloudfunctions.functions.create","cloudfunctions.functions.delete","cloudfunctions.functions.get","cloudfunctions.functions.list","cloudfunctions.functions.update","cloudfunctions.operations.get","firebase.projects.get"]}
[debug] [2023-07-26T02:13:42.097Z] >>> [apiv2][query] POST https://iam.googleapis.com/v1/projects/jerzboiz/serviceAccounts/jerzboiz@appspot.gserviceaccount.com:testIamPermissions [none]
[debug] [2023-07-26T02:13:42.097Z] >>> [apiv2][body] POST https://iam.googleapis.com/v1/projects/jerzboiz/serviceAccounts/jerzboiz@appspot.gserviceaccount.com:testIamPermissions {"permissions":["iam.serviceAccounts.actAs"]}
[debug] [2023-07-26T02:13:42.287Z] <<< [apiv2][status] POST https://iam.googleapis.com/v1/projects/jerzboiz/serviceAccounts/jerzboiz@appspot.gserviceaccount.com:testIamPermissions 200
[debug] [2023-07-26T02:13:42.287Z] <<< [apiv2][body] POST https://iam.googleapis.com/v1/projects/jerzboiz/serviceAccounts/jerzboiz@appspot.gserviceaccount.com:testIamPermissions {"permissions":["iam.serviceAccounts.actAs"]}
[info] 
[info] === Deploying to 'jerzboiz'...
[info] 
[info] i  deploying functions 
[info] Running command: npm --prefix "$RESOURCE_DIR" run lint
[info] Running command: npm --prefix "$RESOURCE_DIR" run build
[info] ✔  functions: Finished running predeploy script. 
[debug] [2023-07-26T02:13:53.705Z] >>> [apiv2][query] GET https://firebase.googleapis.com/v1beta1/projects/jerzboiz [none]
[debug] [2023-07-26T02:13:53.917Z] <<< [apiv2][status] GET https://firebase.googleapis.com/v1beta1/projects/jerzboiz 200
[debug] [2023-07-26T02:13:53.917Z] <<< [apiv2][body] GET https://firebase.googleapis.com/v1beta1/projects/jerzboiz {"projectId":"jerzboiz","projectNumber":"278415717353","displayName":"jerzboiz","name":"projects/jerzboiz","resources":{"hostingSite":"jerzboiz","storageBucket":"jerzboiz.appspot.com","locationId":"us-central"},"state":"ACTIVE","etag":"1_e462fdc0-45f7-4a00-b47e-3c8f8d6662e7"}
[info] i  functions: preparing codebase default for deployment 
[info] i  functions: ensuring required API cloudfunctions.googleapis.com is enabled... 
[info] i  functions: ensuring required API cloudbuild.googleapis.com is enabled... 
[info] i  artifactregistry: ensuring required API artifactregistry.googleapis.com is enabled... 
[debug] [2023-07-26T02:13:53.920Z] >>> [apiv2][query] GET https://serviceusage.googleapis.com/v1/projects/jerzboiz/services/cloudfunctions.googleapis.com [none]
[debug] [2023-07-26T02:13:53.920Z] >>> [apiv2][(partial)header] GET https://serviceusage.googleapis.com/v1/projects/jerzboiz/services/cloudfunctions.googleapis.com x-goog-quota-user=projects/jerzboiz
[debug] [2023-07-26T02:13:53.923Z] >>> [apiv2][query] GET https://serviceusage.googleapis.com/v1/projects/jerzboiz/services/runtimeconfig.googleapis.com [none]
[debug] [2023-07-26T02:13:53.923Z] >>> [apiv2][(partial)header] GET https://serviceusage.googleapis.com/v1/projects/jerzboiz/services/runtimeconfig.googleapis.com x-goog-quota-user=projects/jerzboiz
[debug] [2023-07-26T02:13:53.924Z] >>> [apiv2][query] GET https://serviceusage.googleapis.com/v1/projects/jerzboiz/services/cloudbuild.googleapis.com [none]
[debug] [2023-07-26T02:13:53.924Z] >>> [apiv2][(partial)header] GET https://serviceusage.googleapis.com/v1/projects/jerzboiz/services/cloudbuild.googleapis.com x-goog-quota-user=projects/jerzboiz
[debug] [2023-07-26T02:13:53.925Z] >>> [apiv2][query] GET https://serviceusage.googleapis.com/v1/projects/jerzboiz/services/artifactregistry.googleapis.com [none]
[debug] [2023-07-26T02:13:53.925Z] >>> [apiv2][(partial)header] GET https://serviceusage.googleapis.com/v1/projects/jerzboiz/services/artifactregistry.googleapis.com x-goog-quota-user=projects/jerzboiz
[debug] [2023-07-26T02:13:54.361Z] <<< [apiv2][status] GET https://serviceusage.googleapis.com/v1/projects/jerzboiz/services/runtimeconfig.googleapis.com 200
[debug] [2023-07-26T02:13:54.361Z] <<< [apiv2][body] GET https://serviceusage.googleapis.com/v1/projects/jerzboiz/services/runtimeconfig.googleapis.com [omitted]
[debug] [2023-07-26T02:13:54.363Z] <<< [apiv2][status] GET https://serviceusage.googleapis.com/v1/projects/jerzboiz/services/cloudbuild.googleapis.com 200
[debug] [2023-07-26T02:13:54.363Z] <<< [apiv2][body] GET https://serviceusage.googleapis.com/v1/projects/jerzboiz/services/cloudbuild.googleapis.com [omitted]
[warn] ⚠  functions: missing required API cloudbuild.googleapis.com. Enabling now... 
[debug] [2023-07-26T02:13:54.364Z] >>> [apiv2][query] POST https://serviceusage.googleapis.com/v1/projects/jerzboiz/services/cloudbuild.googleapis.com:enable [none]
[debug] [2023-07-26T02:13:54.364Z] >>> [apiv2][(partial)header] POST https://serviceusage.googleapis.com/v1/projects/jerzboiz/services/cloudbuild.googleapis.com:enable x-goog-quota-user=projects/jerzboiz
[debug] [2023-07-26T02:13:54.369Z] <<< [apiv2][status] GET https://serviceusage.googleapis.com/v1/projects/jerzboiz/services/cloudfunctions.googleapis.com 200
[debug] [2023-07-26T02:13:54.369Z] <<< [apiv2][body] GET https://serviceusage.googleapis.com/v1/projects/jerzboiz/services/cloudfunctions.googleapis.com [omitted]
[info] ✔  functions: required API cloudfunctions.googleapis.com is enabled 
[debug] [2023-07-26T02:13:54.370Z] <<< [apiv2][status] GET https://serviceusage.googleapis.com/v1/projects/jerzboiz/services/artifactregistry.googleapis.com 200
[debug] [2023-07-26T02:13:54.371Z] <<< [apiv2][body] GET https://serviceusage.googleapis.com/v1/projects/jerzboiz/services/artifactregistry.googleapis.com [omitted]
[warn] ⚠  artifactregistry: missing required API artifactregistry.googleapis.com. Enabling now... 
[debug] [2023-07-26T02:13:54.371Z] >>> [apiv2][query] POST https://serviceusage.googleapis.com/v1/projects/jerzboiz/services/artifactregistry.googleapis.com:enable [none]
[debug] [2023-07-26T02:13:54.371Z] >>> [apiv2][(partial)header] POST https://serviceusage.googleapis.com/v1/projects/jerzboiz/services/artifactregistry.googleapis.com:enable x-goog-quota-user=projects/jerzboiz
[debug] [2023-07-26T02:13:55.892Z] <<< [apiv2][status] POST https://serviceusage.googleapis.com/v1/projects/jerzboiz/services/artifactregistry.googleapis.com:enable 200
[debug] [2023-07-26T02:13:55.892Z] <<< [apiv2][body] POST https://serviceusage.googleapis.com/v1/projects/jerzboiz/services/artifactregistry.googleapis.com:enable [omitted]
[debug] [2023-07-26T02:13:56.046Z] <<< [apiv2][status] POST https://serviceusage.googleapis.com/v1/projects/jerzboiz/services/cloudbuild.googleapis.com:enable 200
[debug] [2023-07-26T02:13:56.046Z] <<< [apiv2][body] POST https://serviceusage.googleapis.com/v1/projects/jerzboiz/services/cloudbuild.googleapis.com:enable [omitted]
[debug] [2023-07-26T02:14:05.894Z] >>> [apiv2][query] GET https://serviceusage.googleapis.com/v1/projects/jerzboiz/services/artifactregistry.googleapis.com [none]
[debug] [2023-07-26T02:14:05.894Z] >>> [apiv2][(partial)header] GET https://serviceusage.googleapis.com/v1/projects/jerzboiz/services/artifactregistry.googleapis.com x-goog-quota-user=projects/jerzboiz
[debug] [2023-07-26T02:14:06.048Z] >>> [apiv2][query] GET https://serviceusage.googleapis.com/v1/projects/jerzboiz/services/cloudbuild.googleapis.com [none]
[debug] [2023-07-26T02:14:06.048Z] >>> [apiv2][(partial)header] GET https://serviceusage.googleapis.com/v1/projects/jerzboiz/services/cloudbuild.googleapis.com x-goog-quota-user=projects/jerzboiz
[debug] [2023-07-26T02:14:06.251Z] <<< [apiv2][status] GET https://serviceusage.googleapis.com/v1/projects/jerzboiz/services/artifactregistry.googleapis.com 200
[debug] [2023-07-26T02:14:06.251Z] <<< [apiv2][body] GET https://serviceusage.googleapis.com/v1/projects/jerzboiz/services/artifactregistry.googleapis.com [omitted]
[info] ✔  artifactregistry: required API artifactregistry.googleapis.com is enabled 
[debug] [2023-07-26T02:14:06.468Z] <<< [apiv2][status] GET https://serviceusage.googleapis.com/v1/projects/jerzboiz/services/cloudbuild.googleapis.com 200
[debug] [2023-07-26T02:14:06.468Z] <<< [apiv2][body] GET https://serviceusage.googleapis.com/v1/projects/jerzboiz/services/cloudbuild.googleapis.com [omitted]
[info] i  functions: waiting for API cloudbuild.googleapis.com to activate... 
[debug] [2023-07-26T02:14:16.469Z] >>> [apiv2][query] GET https://serviceusage.googleapis.com/v1/projects/jerzboiz/services/cloudbuild.googleapis.com [none]
[debug] [2023-07-26T02:14:16.469Z] >>> [apiv2][(partial)header] GET https://serviceusage.googleapis.com/v1/projects/jerzboiz/services/cloudbuild.googleapis.com x-goog-quota-user=projects/jerzboiz
[debug] [2023-07-26T02:14:16.763Z] <<< [apiv2][status] GET https://serviceusage.googleapis.com/v1/projects/jerzboiz/services/cloudbuild.googleapis.com 200
[debug] [2023-07-26T02:14:16.763Z] <<< [apiv2][body] GET https://serviceusage.googleapis.com/v1/projects/jerzboiz/services/cloudbuild.googleapis.com [omitted]
[info] ✔  functions: required API cloudbuild.googleapis.com is enabled 
[debug] [2023-07-26T02:14:16.764Z] >>> [apiv2][query] GET https://firebase.googleapis.com/v1beta1/projects/jerzboiz/adminSdkConfig [none]
[debug] [2023-07-26T02:14:16.915Z] <<< [apiv2][status] GET https://firebase.googleapis.com/v1beta1/projects/jerzboiz/adminSdkConfig 200
[debug] [2023-07-26T02:14:16.916Z] <<< [apiv2][body] GET https://firebase.googleapis.com/v1beta1/projects/jerzboiz/adminSdkConfig {"projectId":"jerzboiz","storageBucket":"jerzboiz.appspot.com","locationId":"us-central"}
[debug] [2023-07-26T02:14:16.916Z] >>> [apiv2][query] GET https://runtimeconfig.googleapis.com/v1beta1/projects/jerzboiz/configs [none]
[debug] [2023-07-26T02:14:17.140Z] <<< [apiv2][status] GET https://runtimeconfig.googleapis.com/v1beta1/projects/jerzboiz/configs 200
[debug] [2023-07-26T02:14:17.140Z] <<< [apiv2][body] GET https://runtimeconfig.googleapis.com/v1beta1/projects/jerzboiz/configs {}
[debug] [2023-07-26T02:14:17.143Z] Validating nodejs source
[debug] [2023-07-26T02:14:17.872Z] > [functions] package.json contents: {
  "name": "functions",
  "scripts": {
    "lint": "eslint --ext .js,.ts .",
    "build": "tsc",
    "build:watch": "tsc --watch",
    "serve": "npm run build && firebase emulators:start --only functions",
    "shell": "npm run build && firebase functions:shell",
    "start": "npm run shell",
    "deploy": "firebase deploy --only functions",
    "logs": "firebase functions:log"
  },
  "engines": {
    "node": "18"
  },
  "main": "lib/index.js",
  "dependencies": {
    "firebase-admin": "^11.8.0",
    "firebase-functions": "^4.3.1"
  },
  "devDependencies": {
    "@typescript-eslint/eslint-plugin": "^5.12.0",
    "@typescript-eslint/parser": "^5.12.0",
    "eslint": "^8.9.0",
    "eslint-config-google": "^0.14.0",
    "eslint-plugin-import": "^2.25.4",
    "firebase-functions-test": "^3.1.0",
    "typescript": "^4.9.0"
  },
  "private": true
}
[debug] [2023-07-26T02:14:17.872Z] Building nodejs source
[info] i  functions: Loading and analyzing source code for codebase default to determine what to deploy 
[debug] [2023-07-26T02:14:17.874Z] Could not find functions.yaml. Must use http discovery
[debug] [2023-07-26T02:14:17.883Z] Found firebase-functions binary at '/Users/patrickschreck/Documents/jerzboizbackend/functions/node_modules/.bin/firebase-functions'
[info] Serving at port 8417

[debug] [2023-07-26T02:14:18.536Z] Got response from /__/functions.yaml {"endpoints":{"jerseyAdded":{"platform":"gcfv1","availableMemoryMb":null,"timeoutSeconds":null,"minInstances":null,"maxInstances":null,"ingressSettings":null,"serviceAccountEmail":null,"vpc":null,"httpsTrigger":{},"entryPoint":"jerseyAdded"}},"specVersion":"v1alpha1","requiredAPIs":[]}
[info] shutdown requested via /__/quitquitquit

[info] i  functions: preparing functions directory for uploading... 
[info] i  functions: packaged /Users/patrickschreck/Documents/jerzboizbackend/functions (86.92 KB) for uploading 
[debug] [2023-07-26T02:14:18.598Z] >>> [apiv2][query] GET https://cloudfunctions.googleapis.com/v1/projects/jerzboiz/locations/-/functions [none]
[debug] [2023-07-26T02:14:19.089Z] <<< [apiv2][status] GET https://cloudfunctions.googleapis.com/v1/projects/jerzboiz/locations/-/functions 200
[debug] [2023-07-26T02:14:19.089Z] <<< [apiv2][body] GET https://cloudfunctions.googleapis.com/v1/projects/jerzboiz/locations/-/functions {}
[debug] [2023-07-26T02:14:19.090Z] >>> [apiv2][query] GET https://cloudfunctions.googleapis.com/v2/projects/jerzboiz/locations/-/functions filter=environment%3D%22GEN_2%22
[debug] [2023-07-26T02:14:19.508Z] <<< [apiv2][status] GET https://cloudfunctions.googleapis.com/v2/projects/jerzboiz/locations/-/functions 200
[debug] [2023-07-26T02:14:19.508Z] <<< [apiv2][body] GET https://cloudfunctions.googleapis.com/v2/projects/jerzboiz/locations/-/functions {}
[debug] [2023-07-26T02:14:19.514Z] >>> [apiv2][query] GET https://firebase.googleapis.com/v1beta1/projects/jerzboiz [none]
[debug] [2023-07-26T02:14:19.641Z] <<< [apiv2][status] GET https://firebase.googleapis.com/v1beta1/projects/jerzboiz 200
[debug] [2023-07-26T02:14:19.641Z] <<< [apiv2][body] GET https://firebase.googleapis.com/v1beta1/projects/jerzboiz {"projectId":"jerzboiz","projectNumber":"278415717353","displayName":"jerzboiz","name":"projects/jerzboiz","resources":{"hostingSite":"jerzboiz","storageBucket":"jerzboiz.appspot.com","locationId":"us-central"},"state":"ACTIVE","etag":"1_e462fdc0-45f7-4a00-b47e-3c8f8d6662e7"}
[debug] [2023-07-26T02:14:19.643Z] [functions] found 1 new HTTP functions, testing setIamPolicy permission...
[debug] [2023-07-26T02:14:19.644Z] >>> [apiv2][query] POST https://cloudresourcemanager.googleapis.com/v1/projects/jerzboiz:testIamPermissions [none]
[debug] [2023-07-26T02:14:19.644Z] >>> [apiv2][(partial)header] POST https://cloudresourcemanager.googleapis.com/v1/projects/jerzboiz:testIamPermissions x-goog-quota-user=projects/jerzboiz
[debug] [2023-07-26T02:14:19.644Z] >>> [apiv2][body] POST https://cloudresourcemanager.googleapis.com/v1/projects/jerzboiz:testIamPermissions {"permissions":["cloudfunctions.functions.setIamPolicy"]}
[debug] [2023-07-26T02:14:19.814Z] <<< [apiv2][status] POST https://cloudresourcemanager.googleapis.com/v1/projects/jerzboiz:testIamPermissions 200
[debug] [2023-07-26T02:14:19.814Z] <<< [apiv2][body] POST https://cloudresourcemanager.googleapis.com/v1/projects/jerzboiz:testIamPermissions {"permissions":["cloudfunctions.functions.setIamPolicy"]}
[debug] [2023-07-26T02:14:19.814Z] [functions] found setIamPolicy permission, proceeding with deploy
[debug] [2023-07-26T02:14:19.816Z] >>> [apiv2][query] POST https://cloudfunctions.googleapis.com/v1/projects/jerzboiz/locations/us-central1/functions:generateUploadUrl [none]
[debug] [2023-07-26T02:14:19.816Z] >>> [apiv2][body] POST https://cloudfunctions.googleapis.com/v1/projects/jerzboiz/locations/us-central1/functions:generateUploadUrl {}
[debug] [2023-07-26T02:14:28.060Z] <<< [apiv2][status] POST https://cloudfunctions.googleapis.com/v1/projects/jerzboiz/locations/us-central1/functions:generateUploadUrl 200
[debug] [2023-07-26T02:14:28.060Z] <<< [apiv2][body] POST https://cloudfunctions.googleapis.com/v1/projects/jerzboiz/locations/us-central1/functions:generateUploadUrl {"uploadUrl":"https://storage.googleapis.com/uploads-636547669299.us-central1.cloudfunctions.appspot.com/3b52a868-a55c-4199-94a4-8ded888f80df.zip?GoogleAccessId=service-278415717353@gcf-admin-robot.iam.gserviceaccount.com&Expires=1690339468&Signature=aEdAWOR6CWWovoSGgwslMGwyiX%2BGgZCSl6nchVv0AlzfTeOZ3QL4nv7wZABt1EUptFkXqfdC0vpGObl8Onjz6%2Bkw7In0UcB%2BqqJONmt1vJHeOeFbhLONarX0FpVKGKtIx30198Gc5Ar%2FeAfTIziL94Xk1tyXp%2FQBI9JaalW1L%2FrWrIkhl7Z24zP%2FNb7OOrz%2BuXWMfiEVFmiorYvQOXVYzwrW62%2Bozte7Oa6OUZ64RXDxKoXuWXPGa37MghHuUJjT%2B6oCCtbiubBIRfSlBpZHWoBz5Kv%2FcRdDgT6MayIjwbKsqcABITa3iS5vowpeuPhABVtrI%2BB34JWxb0Scka8Rrg%3D%3D"}
[debug] [2023-07-26T02:14:28.061Z] >>> [apiv2][query] PUT https://storage.googleapis.com/uploads-636547669299.us-central1.cloudfunctions.appspot.com/3b52a868-a55c-4199-94a4-8ded888f80df.zip GoogleAccessId=service-278415717353%40gcf-admin-robot.iam.gserviceaccount.com&Expires=1690339468&Signature=aEdAWOR6CWWovoSGgwslMGwyiX%2BGgZCSl6nchVv0AlzfTeOZ3QL4nv7wZABt1EUptFkXqfdC0vpGObl8Onjz6%2Bkw7In0UcB%2BqqJONmt1vJHeOeFbhLONarX0FpVKGKtIx30198Gc5Ar%2FeAfTIziL94Xk1tyXp%2FQBI9JaalW1L%2FrWrIkhl7Z24zP%2FNb7OOrz%2BuXWMfiEVFmiorYvQOXVYzwrW62%2Bozte7Oa6OUZ64RXDxKoXuWXPGa37MghHuUJjT%2B6oCCtbiubBIRfSlBpZHWoBz5Kv%2FcRdDgT6MayIjwbKsqcABITa3iS5vowpeuPhABVtrI%2BB34JWxb0Scka8Rrg%3D%3D
[debug] [2023-07-26T02:14:28.061Z] >>> [apiv2][body] PUT https://storage.googleapis.com/uploads-636547669299.us-central1.cloudfunctions.appspot.com/3b52a868-a55c-4199-94a4-8ded888f80df.zip [stream]
[debug] [2023-07-26T02:14:28.420Z] <<< [apiv2][status] PUT https://storage.googleapis.com/uploads-636547669299.us-central1.cloudfunctions.appspot.com/3b52a868-a55c-4199-94a4-8ded888f80df.zip 200
[debug] [2023-07-26T02:14:28.420Z] <<< [apiv2][body] PUT https://storage.googleapis.com/uploads-636547669299.us-central1.cloudfunctions.appspot.com/3b52a868-a55c-4199-94a4-8ded888f80df.zip [omitted]
[info] ✔  functions: functions folder uploaded successfully 
[info] i  functions: creating Node.js 18 (1st Gen) function jerseyAdded(us-central1)... 
[debug] [2023-07-26T02:14:28.424Z] >>> [apiv2][query] POST https://cloudfunctions.googleapis.com/v1/projects/jerzboiz/locations/us-central1/functions [none]
[debug] [2023-07-26T02:14:28.425Z] >>> [apiv2][body] POST https://cloudfunctions.googleapis.com/v1/projects/jerzboiz/locations/us-central1/functions {"name":"projects/jerzboiz/locations/us-central1/functions/jerseyAdded","sourceUploadUrl":"https://storage.googleapis.com/uploads-636547669299.us-central1.cloudfunctions.appspot.com/3b52a868-a55c-4199-94a4-8ded888f80df.zip?GoogleAccessId=service-278415717353@gcf-admin-robot.iam.gserviceaccount.com&Expires=1690339468&Signature=aEdAWOR6CWWovoSGgwslMGwyiX%2BGgZCSl6nchVv0AlzfTeOZ3QL4nv7wZABt1EUptFkXqfdC0vpGObl8Onjz6%2Bkw7In0UcB%2BqqJONmt1vJHeOeFbhLONarX0FpVKGKtIx30198Gc5Ar%2FeAfTIziL94Xk1tyXp%2FQBI9JaalW1L%2FrWrIkhl7Z24zP%2FNb7OOrz%2BuXWMfiEVFmiorYvQOXVYzwrW62%2Bozte7Oa6OUZ64RXDxKoXuWXPGa37MghHuUJjT%2B6oCCtbiubBIRfSlBpZHWoBz5Kv%2FcRdDgT6MayIjwbKsqcABITa3iS5vowpeuPhABVtrI%2BB34JWxb0Scka8Rrg%3D%3D","entryPoint":"jerseyAdded","runtime":"nodejs18","dockerRegistry":"ARTIFACT_REGISTRY","labels":{"deployment-tool":"cli-firebase","firebase-functions-hash":"da6988dda0e1bd31a75434c4c7549f24d77b205b"},"httpsTrigger":{"securityLevel":"SECURE_ALWAYS"},"minInstances":null,"maxInstances":null,"ingressSettings":null,"environmentVariables":{"FIREBASE_CONFIG":"{\"projectId\":\"jerzboiz\",\"storageBucket\":\"jerzboiz.appspot.com\",\"locationId\":\"us-central\"}","GCLOUD_PROJECT":"jerzboiz","EVENTARC_CLOUD_EVENT_SOURCE":"projects/jerzboiz/locations/us-central1/functions/jerseyAdded"},"serviceAccountEmail":null,"availableMemoryMb":null,"timeout":null,"vpcConnector":null,"vpcConnectorEgressSettings":null,"buildEnvironmentVariables":{"GOOGLE_NODE_RUN_SCRIPTS":""}}
[debug] [2023-07-26T02:14:28.854Z] <<< [apiv2][status] POST https://cloudfunctions.googleapis.com/v1/projects/jerzboiz/locations/us-central1/functions 200
[debug] [2023-07-26T02:14:28.855Z] <<< [apiv2][body] POST https://cloudfunctions.googleapis.com/v1/projects/jerzboiz/locations/us-central1/functions {"name":"operations/amVyemJvaXovdXMtY2VudHJhbDEvamVyc2V5QWRkZWQvc3d5TW5GOWtoNnM","metadata":{"@type":"type.googleapis.com/google.cloud.functions.v1.OperationMetadataV1","target":"projects/jerzboiz/locations/us-central1/functions/jerseyAdded","type":"CREATE_FUNCTION","request":{"@type":"type.googleapis.com/google.cloud.functions.v1.CloudFunction","name":"projects/jerzboiz/locations/us-central1/functions/jerseyAdded","httpsTrigger":{"securityLevel":"SECURE_ALWAYS"},"entryPoint":"jerseyAdded","labels":{"deployment-tool":"cli-firebase","firebase-functions-hash":"da6988dda0e1bd31a75434c4c7549f24d77b205b"},"sourceUploadUrl":"https://storage.googleapis.com/uploads-636547669299.us-central1.cloudfunctions.appspot.com/3b52a868-a55c-4199-94a4-8ded888f80df.zip?GoogleAccessId=service-278415717353@gcf-admin-robot.iam.gserviceaccount.com&Expires=1690339468&Signature=aEdAWOR6CWWovoSGgwslMGwyiX%2BGgZCSl6nchVv0AlzfTeOZ3QL4nv7wZABt1EUptFkXqfdC0vpGObl8Onjz6%2Bkw7In0UcB%2BqqJONmt1vJHeOeFbhLONarX0FpVKGKtIx30198Gc5Ar%2FeAfTIziL94Xk1tyXp%2FQBI9JaalW1L%2FrWrIkhl7Z24zP%2FNb7OOrz%2BuXWMfiEVFmiorYvQOXVYzwrW62%2Bozte7Oa6OUZ64RXDxKoXuWXPGa37MghHuUJjT%2B6oCCtbiubBIRfSlBpZHWoBz5Kv%2FcRdDgT6MayIjwbKsqcABITa3iS5vowpeuPhABVtrI%2BB34JWxb0Scka8Rrg%3D%3D","environmentVariables":{"FIREBASE_CONFIG":"{\"projectId\":\"jerzboiz\",\"storageBucket\":\"jerzboiz.appspot.com\",\"locationId\":\"us-central\"}","GCLOUD_PROJECT":"jerzboiz","EVENTARC_CLOUD_EVENT_SOURCE":"projects/jerzboiz/locations/us-central1/functions/jerseyAdded"},"runtime":"nodejs18","buildEnvironmentVariables":{"GOOGLE_NODE_RUN_SCRIPTS":""},"dockerRegistry":"ARTIFACT_REGISTRY"},"versionId":"1","updateTime":"2023-07-26T02:14:28Z"}}
[debug] [2023-07-26T02:14:28.856Z] >>> [apiv2][query] GET https://cloudfunctions.googleapis.com/v1/operations/amVyemJvaXovdXMtY2VudHJhbDEvamVyc2V5QWRkZWQvc3d5TW5GOWtoNnM [none]
[debug] [2023-07-26T02:14:28.936Z] <<< [apiv2][status] GET https://cloudfunctions.googleapis.com/v1/operations/amVyemJvaXovdXMtY2VudHJhbDEvamVyc2V5QWRkZWQvc3d5TW5GOWtoNnM 200
[debug] [2023-07-26T02:14:28.936Z] <<< [apiv2][body] GET https://cloudfunctions.googleapis.com/v1/operations/amVyemJvaXovdXMtY2VudHJhbDEvamVyc2V5QWRkZWQvc3d5TW5GOWtoNnM {"name":"operations/amVyemJvaXovdXMtY2VudHJhbDEvamVyc2V5QWRkZWQvc3d5TW5GOWtoNnM","metadata":{"@type":"type.googleapis.com/google.cloud.functions.v1.OperationMetadataV1","target":"projects/jerzboiz/locations/us-central1/functions/jerseyAdded","type":"CREATE_FUNCTION","request":{"@type":"type.googleapis.com/google.cloud.functions.v1.CloudFunction","name":"projects/jerzboiz/locations/us-central1/functions/jerseyAdded","httpsTrigger":{"securityLevel":"SECURE_ALWAYS"},"entryPoint":"jerseyAdded","labels":{"deployment-tool":"cli-firebase","firebase-functions-hash":"da6988dda0e1bd31a75434c4c7549f24d77b205b"},"sourceUploadUrl":"https://storage.googleapis.com/uploads-636547669299.us-central1.cloudfunctions.appspot.com/3b52a868-a55c-4199-94a4-8ded888f80df.zip?GoogleAccessId=service-278415717353@gcf-admin-robot.iam.gserviceaccount.com&Expires=1690339468&Signature=aEdAWOR6CWWovoSGgwslMGwyiX%2BGgZCSl6nchVv0AlzfTeOZ3QL4nv7wZABt1EUptFkXqfdC0vpGObl8Onjz6%2Bkw7In0UcB%2BqqJONmt1vJHeOeFbhLONarX0FpVKGKtIx30198Gc5Ar%2FeAfTIziL94Xk1tyXp%2FQBI9JaalW1L%2FrWrIkhl7Z24zP%2FNb7OOrz%2BuXWMfiEVFmiorYvQOXVYzwrW62%2Bozte7Oa6OUZ64RXDxKoXuWXPGa37MghHuUJjT%2B6oCCtbiubBIRfSlBpZHWoBz5Kv%2FcRdDgT6MayIjwbKsqcABITa3iS5vowpeuPhABVtrI%2BB34JWxb0Scka8Rrg%3D%3D","environmentVariables":{"FIREBASE_CONFIG":"{\"projectId\":\"jerzboiz\",\"storageBucket\":\"jerzboiz.appspot.com\",\"locationId\":\"us-central\"}","GCLOUD_PROJECT":"jerzboiz","EVENTARC_CLOUD_EVENT_SOURCE":"projects/jerzboiz/locations/us-central1/functions/jerseyAdded"},"runtime":"nodejs18","buildEnvironmentVariables":{"GOOGLE_NODE_RUN_SCRIPTS":""},"dockerRegistry":"ARTIFACT_REGISTRY"},"versionId":"1","updateTime":"2023-07-26T02:14:28Z"}}
[debug] [2023-07-26T02:14:29.438Z] [create-default-us-central1-jerseyAdded] Retrying task index 0
[debug] [2023-07-26T02:14:29.438Z] >>> [apiv2][query] GET https://cloudfunctions.googleapis.com/v1/operations/amVyemJvaXovdXMtY2VudHJhbDEvamVyc2V5QWRkZWQvc3d5TW5GOWtoNnM [none]
[debug] [2023-07-26T02:14:29.505Z] <<< [apiv2][status] GET https://cloudfunctions.googleapis.com/v1/operations/amVyemJvaXovdXMtY2VudHJhbDEvamVyc2V5QWRkZWQvc3d5TW5GOWtoNnM 200
[debug] [2023-07-26T02:14:29.506Z] <<< [apiv2][body] GET https://cloudfunctions.googleapis.com/v1/operations/amVyemJvaXovdXMtY2VudHJhbDEvamVyc2V5QWRkZWQvc3d5TW5GOWtoNnM {"name":"operations/amVyemJvaXovdXMtY2VudHJhbDEvamVyc2V5QWRkZWQvc3d5TW5GOWtoNnM","metadata":{"@type":"type.googleapis.com/google.cloud.functions.v1.OperationMetadataV1","target":"projects/jerzboiz/locations/us-central1/functions/jerseyAdded","type":"CREATE_FUNCTION","request":{"@type":"type.googleapis.com/google.cloud.functions.v1.CloudFunction","name":"projects/jerzboiz/locations/us-central1/functions/jerseyAdded","httpsTrigger":{"securityLevel":"SECURE_ALWAYS"},"entryPoint":"jerseyAdded","labels":{"deployment-tool":"cli-firebase","firebase-functions-hash":"da6988dda0e1bd31a75434c4c7549f24d77b205b"},"sourceUploadUrl":"https://storage.googleapis.com/uploads-636547669299.us-central1.cloudfunctions.appspot.com/3b52a868-a55c-4199-94a4-8ded888f80df.zip?GoogleAccessId=service-278415717353@gcf-admin-robot.iam.gserviceaccount.com&Expires=1690339468&Signature=aEdAWOR6CWWovoSGgwslMGwyiX%2BGgZCSl6nchVv0AlzfTeOZ3QL4nv7wZABt1EUptFkXqfdC0vpGObl8Onjz6%2Bkw7In0UcB%2BqqJONmt1vJHeOeFbhLONarX0FpVKGKtIx30198Gc5Ar%2FeAfTIziL94Xk1tyXp%2FQBI9JaalW1L%2FrWrIkhl7Z24zP%2FNb7OOrz%2BuXWMfiEVFmiorYvQOXVYzwrW62%2Bozte7Oa6OUZ64RXDxKoXuWXPGa37MghHuUJjT%2B6oCCtbiubBIRfSlBpZHWoBz5Kv%2FcRdDgT6MayIjwbKsqcABITa3iS5vowpeuPhABVtrI%2BB34JWxb0Scka8Rrg%3D%3D","environmentVariables":{"FIREBASE_CONFIG":"{\"projectId\":\"jerzboiz\",\"storageBucket\":\"jerzboiz.appspot.com\",\"locationId\":\"us-central\"}","GCLOUD_PROJECT":"jerzboiz","EVENTARC_CLOUD_EVENT_SOURCE":"projects/jerzboiz/locations/us-central1/functions/jerseyAdded"},"runtime":"nodejs18","buildEnvironmentVariables":{"GOOGLE_NODE_RUN_SCRIPTS":""},"dockerRegistry":"ARTIFACT_REGISTRY"},"versionId":"1","updateTime":"2023-07-26T02:14:29Z"}}
[debug] [2023-07-26T02:14:30.507Z] [create-default-us-central1-jerseyAdded] Retrying task index 0
[debug] [2023-07-26T02:14:30.507Z] >>> [apiv2][query] GET https://cloudfunctions.googleapis.com/v1/operations/amVyemJvaXovdXMtY2VudHJhbDEvamVyc2V5QWRkZWQvc3d5TW5GOWtoNnM [none]
[debug] [2023-07-26T02:14:30.586Z] <<< [apiv2][status] GET https://cloudfunctions.googleapis.com/v1/operations/amVyemJvaXovdXMtY2VudHJhbDEvamVyc2V5QWRkZWQvc3d5TW5GOWtoNnM 200
[debug] [2023-07-26T02:14:30.586Z] <<< [apiv2][body] GET https://cloudfunctions.googleapis.com/v1/operations/amVyemJvaXovdXMtY2VudHJhbDEvamVyc2V5QWRkZWQvc3d5TW5GOWtoNnM {"name":"operations/amVyemJvaXovdXMtY2VudHJhbDEvamVyc2V5QWRkZWQvc3d5TW5GOWtoNnM","metadata":{"@type":"type.googleapis.com/google.cloud.functions.v1.OperationMetadataV1","target":"projects/jerzboiz/locations/us-central1/functions/jerseyAdded","type":"CREATE_FUNCTION","request":{"@type":"type.googleapis.com/google.cloud.functions.v1.CloudFunction","name":"projects/jerzboiz/locations/us-central1/functions/jerseyAdded","httpsTrigger":{"securityLevel":"SECURE_ALWAYS"},"entryPoint":"jerseyAdded","labels":{"deployment-tool":"cli-firebase","firebase-functions-hash":"da6988dda0e1bd31a75434c4c7549f24d77b205b"},"sourceUploadUrl":"https://storage.googleapis.com/uploads-636547669299.us-central1.cloudfunctions.appspot.com/3b52a868-a55c-4199-94a4-8ded888f80df.zip?GoogleAccessId=service-278415717353@gcf-admin-robot.iam.gserviceaccount.com&Expires=1690339468&Signature=aEdAWOR6CWWovoSGgwslMGwyiX%2BGgZCSl6nchVv0AlzfTeOZ3QL4nv7wZABt1EUptFkXqfdC0vpGObl8Onjz6%2Bkw7In0UcB%2BqqJONmt1vJHeOeFbhLONarX0FpVKGKtIx30198Gc5Ar%2FeAfTIziL94Xk1tyXp%2FQBI9JaalW1L%2FrWrIkhl7Z24zP%2FNb7OOrz%2BuXWMfiEVFmiorYvQOXVYzwrW62%2Bozte7Oa6OUZ64RXDxKoXuWXPGa37MghHuUJjT%2B6oCCtbiubBIRfSlBpZHWoBz5Kv%2FcRdDgT6MayIjwbKsqcABITa3iS5vowpeuPhABVtrI%2BB34JWxb0Scka8Rrg%3D%3D","environmentVariables":{"FIREBASE_CONFIG":"{\"projectId\":\"jerzboiz\",\"storageBucket\":\"jerzboiz.appspot.com\",\"locationId\":\"us-central\"}","GCLOUD_PROJECT":"jerzboiz","EVENTARC_CLOUD_EVENT_SOURCE":"projects/jerzboiz/locations/us-central1/functions/jerseyAdded"},"runtime":"nodejs18","buildEnvironmentVariables":{"GOOGLE_NODE_RUN_SCRIPTS":""},"dockerRegistry":"ARTIFACT_REGISTRY"},"versionId":"1","updateTime":"2023-07-26T02:14:29Z"}}
[debug] [2023-07-26T02:14:32.588Z] [create-default-us-central1-jerseyAdded] Retrying task index 0
[debug] [2023-07-26T02:14:32.588Z] >>> [apiv2][query] GET https://cloudfunctions.googleapis.com/v1/operations/amVyemJvaXovdXMtY2VudHJhbDEvamVyc2V5QWRkZWQvc3d5TW5GOWtoNnM [none]
[debug] [2023-07-26T02:14:32.661Z] <<< [apiv2][status] GET https://cloudfunctions.googleapis.com/v1/operations/amVyemJvaXovdXMtY2VudHJhbDEvamVyc2V5QWRkZWQvc3d5TW5GOWtoNnM 200
[debug] [2023-07-26T02:14:32.661Z] <<< [apiv2][body] GET https://cloudfunctions.googleapis.com/v1/operations/amVyemJvaXovdXMtY2VudHJhbDEvamVyc2V5QWRkZWQvc3d5TW5GOWtoNnM {"name":"operations/amVyemJvaXovdXMtY2VudHJhbDEvamVyc2V5QWRkZWQvc3d5TW5GOWtoNnM","metadata":{"@type":"type.googleapis.com/google.cloud.functions.v1.OperationMetadataV1","target":"projects/jerzboiz/locations/us-central1/functions/jerseyAdded","type":"CREATE_FUNCTION","request":{"@type":"type.googleapis.com/google.cloud.functions.v1.CloudFunction","name":"projects/jerzboiz/locations/us-central1/functions/jerseyAdded","httpsTrigger":{"securityLevel":"SECURE_ALWAYS"},"entryPoint":"jerseyAdded","labels":{"deployment-tool":"cli-firebase","firebase-functions-hash":"da6988dda0e1bd31a75434c4c7549f24d77b205b"},"sourceUploadUrl":"https://storage.googleapis.com/uploads-636547669299.us-central1.cloudfunctions.appspot.com/3b52a868-a55c-4199-94a4-8ded888f80df.zip?GoogleAccessId=service-278415717353@gcf-admin-robot.iam.gserviceaccount.com&Expires=1690339468&Signature=aEdAWOR6CWWovoSGgwslMGwyiX%2BGgZCSl6nchVv0AlzfTeOZ3QL4nv7wZABt1EUptFkXqfdC0vpGObl8Onjz6%2Bkw7In0UcB%2BqqJONmt1vJHeOeFbhLONarX0FpVKGKtIx30198Gc5Ar%2FeAfTIziL94Xk1tyXp%2FQBI9JaalW1L%2FrWrIkhl7Z24zP%2FNb7OOrz%2BuXWMfiEVFmiorYvQOXVYzwrW62%2Bozte7Oa6OUZ64RXDxKoXuWXPGa37MghHuUJjT%2B6oCCtbiubBIRfSlBpZHWoBz5Kv%2FcRdDgT6MayIjwbKsqcABITa3iS5vowpeuPhABVtrI%2BB34JWxb0Scka8Rrg%3D%3D","environmentVariables":{"FIREBASE_CONFIG":"{\"projectId\":\"jerzboiz\",\"storageBucket\":\"jerzboiz.appspot.com\",\"locationId\":\"us-central\"}","GCLOUD_PROJECT":"jerzboiz","EVENTARC_CLOUD_EVENT_SOURCE":"projects/jerzboiz/locations/us-central1/functions/jerseyAdded"},"runtime":"nodejs18","buildEnvironmentVariables":{"GOOGLE_NODE_RUN_SCRIPTS":""},"dockerRegistry":"ARTIFACT_REGISTRY"},"versionId":"1","updateTime":"2023-07-26T02:14:29Z"}}
[debug] [2023-07-26T02:14:36.662Z] [create-default-us-central1-jerseyAdded] Retrying task index 0
[debug] [2023-07-26T02:14:36.662Z] >>> [apiv2][query] GET https://cloudfunctions.googleapis.com/v1/operations/amVyemJvaXovdXMtY2VudHJhbDEvamVyc2V5QWRkZWQvc3d5TW5GOWtoNnM [none]
[debug] [2023-07-26T02:14:36.762Z] <<< [apiv2][status] GET https://cloudfunctions.googleapis.com/v1/operations/amVyemJvaXovdXMtY2VudHJhbDEvamVyc2V5QWRkZWQvc3d5TW5GOWtoNnM 200
[debug] [2023-07-26T02:14:36.762Z] <<< [apiv2][body] GET https://cloudfunctions.googleapis.com/v1/operations/amVyemJvaXovdXMtY2VudHJhbDEvamVyc2V5QWRkZWQvc3d5TW5GOWtoNnM {"name":"operations/amVyemJvaXovdXMtY2VudHJhbDEvamVyc2V5QWRkZWQvc3d5TW5GOWtoNnM","metadata":{"@type":"type.googleapis.com/google.cloud.functions.v1.OperationMetadataV1","target":"projects/jerzboiz/locations/us-central1/functions/jerseyAdded","type":"CREATE_FUNCTION","request":{"@type":"type.googleapis.com/google.cloud.functions.v1.CloudFunction","name":"projects/jerzboiz/locations/us-central1/functions/jerseyAdded","httpsTrigger":{"securityLevel":"SECURE_ALWAYS"},"entryPoint":"jerseyAdded","labels":{"deployment-tool":"cli-firebase","firebase-functions-hash":"da6988dda0e1bd31a75434c4c7549f24d77b205b"},"sourceUploadUrl":"https://storage.googleapis.com/uploads-636547669299.us-central1.cloudfunctions.appspot.com/3b52a868-a55c-4199-94a4-8ded888f80df.zip?GoogleAccessId=service-278415717353@gcf-admin-robot.iam.gserviceaccount.com&Expires=1690339468&Signature=aEdAWOR6CWWovoSGgwslMGwyiX%2BGgZCSl6nchVv0AlzfTeOZ3QL4nv7wZABt1EUptFkXqfdC0vpGObl8Onjz6%2Bkw7In0UcB%2BqqJONmt1vJHeOeFbhLONarX0FpVKGKtIx30198Gc5Ar%2FeAfTIziL94Xk1tyXp%2FQBI9JaalW1L%2FrWrIkhl7Z24zP%2FNb7OOrz%2BuXWMfiEVFmiorYvQOXVYzwrW62%2Bozte7Oa6OUZ64RXDxKoXuWXPGa37MghHuUJjT%2B6oCCtbiubBIRfSlBpZHWoBz5Kv%2FcRdDgT6MayIjwbKsqcABITa3iS5vowpeuPhABVtrI%2BB34JWxb0Scka8Rrg%3D%3D","environmentVariables":{"FIREBASE_CONFIG":"{\"projectId\":\"jerzboiz\",\"storageBucket\":\"jerzboiz.appspot.com\",\"locationId\":\"us-central\"}","GCLOUD_PROJECT":"jerzboiz","EVENTARC_CLOUD_EVENT_SOURCE":"projects/jerzboiz/locations/us-central1/functions/jerseyAdded"},"runtime":"nodejs18","buildEnvironmentVariables":{"GOOGLE_NODE_RUN_SCRIPTS":""},"dockerRegistry":"ARTIFACT_REGISTRY"},"versionId":"1","updateTime":"2023-07-26T02:14:29Z"}}
[debug] [2023-07-26T02:14:44.764Z] [create-default-us-central1-jerseyAdded] Retrying task index 0
[debug] [2023-07-26T02:14:44.765Z] >>> [apiv2][query] GET https://cloudfunctions.googleapis.com/v1/operations/amVyemJvaXovdXMtY2VudHJhbDEvamVyc2V5QWRkZWQvc3d5TW5GOWtoNnM [none]
[debug] [2023-07-26T02:14:44.904Z] <<< [apiv2][status] GET https://cloudfunctions.googleapis.com/v1/operations/amVyemJvaXovdXMtY2VudHJhbDEvamVyc2V5QWRkZWQvc3d5TW5GOWtoNnM 200
[debug] [2023-07-26T02:14:44.904Z] <<< [apiv2][body] GET https://cloudfunctions.googleapis.com/v1/operations/amVyemJvaXovdXMtY2VudHJhbDEvamVyc2V5QWRkZWQvc3d5TW5GOWtoNnM {"name":"operations/amVyemJvaXovdXMtY2VudHJhbDEvamVyc2V5QWRkZWQvc3d5TW5GOWtoNnM","metadata":{"@type":"type.googleapis.com/google.cloud.functions.v1.OperationMetadataV1","target":"projects/jerzboiz/locations/us-central1/functions/jerseyAdded","type":"CREATE_FUNCTION","request":{"@type":"type.googleapis.com/google.cloud.functions.v1.CloudFunction","name":"projects/jerzboiz/locations/us-central1/functions/jerseyAdded","httpsTrigger":{"securityLevel":"SECURE_ALWAYS"},"entryPoint":"jerseyAdded","labels":{"deployment-tool":"cli-firebase","firebase-functions-hash":"da6988dda0e1bd31a75434c4c7549f24d77b205b"},"sourceUploadUrl":"https://storage.googleapis.com/uploads-636547669299.us-central1.cloudfunctions.appspot.com/3b52a868-a55c-4199-94a4-8ded888f80df.zip?GoogleAccessId=service-278415717353@gcf-admin-robot.iam.gserviceaccount.com&Expires=1690339468&Signature=aEdAWOR6CWWovoSGgwslMGwyiX%2BGgZCSl6nchVv0AlzfTeOZ3QL4nv7wZABt1EUptFkXqfdC0vpGObl8Onjz6%2Bkw7In0UcB%2BqqJONmt1vJHeOeFbhLONarX0FpVKGKtIx30198Gc5Ar%2FeAfTIziL94Xk1tyXp%2FQBI9JaalW1L%2FrWrIkhl7Z24zP%2FNb7OOrz%2BuXWMfiEVFmiorYvQOXVYzwrW62%2Bozte7Oa6OUZ64RXDxKoXuWXPGa37MghHuUJjT%2B6oCCtbiubBIRfSlBpZHWoBz5Kv%2FcRdDgT6MayIjwbKsqcABITa3iS5vowpeuPhABVtrI%2BB34JWxb0Scka8Rrg%3D%3D","environmentVariables":{"FIREBASE_CONFIG":"{\"projectId\":\"jerzboiz\",\"storageBucket\":\"jerzboiz.appspot.com\",\"locationId\":\"us-central\"}","GCLOUD_PROJECT":"jerzboiz","EVENTARC_CLOUD_EVENT_SOURCE":"projects/jerzboiz/locations/us-central1/functions/jerseyAdded"},"runtime":"nodejs18","buildEnvironmentVariables":{"GOOGLE_NODE_RUN_SCRIPTS":""},"dockerRegistry":"ARTIFACT_REGISTRY"},"versionId":"1","updateTime":"2023-07-26T02:14:29Z","buildId":"d1183204-1d6a-438e-8763-d4da39efd50d","buildName":"projects/278415717353/locations/us-central1/builds/d1183204-1d6a-438e-8763-d4da39efd50d"}}
[debug] [2023-07-26T02:14:54.906Z] [create-default-us-central1-jerseyAdded] Retrying task index 0
[debug] [2023-07-26T02:14:54.906Z] >>> [apiv2][query] GET https://cloudfunctions.googleapis.com/v1/operations/amVyemJvaXovdXMtY2VudHJhbDEvamVyc2V5QWRkZWQvc3d5TW5GOWtoNnM [none]
[debug] [2023-07-26T02:14:55.038Z] <<< [apiv2][status] GET https://cloudfunctions.googleapis.com/v1/operations/amVyemJvaXovdXMtY2VudHJhbDEvamVyc2V5QWRkZWQvc3d5TW5GOWtoNnM 200
[debug] [2023-07-26T02:14:55.039Z] <<< [apiv2][body] GET https://cloudfunctions.googleapis.com/v1/operations/amVyemJvaXovdXMtY2VudHJhbDEvamVyc2V5QWRkZWQvc3d5TW5GOWtoNnM {"name":"operations/amVyemJvaXovdXMtY2VudHJhbDEvamVyc2V5QWRkZWQvc3d5TW5GOWtoNnM","metadata":{"@type":"type.googleapis.com/google.cloud.functions.v1.OperationMetadataV1","target":"projects/jerzboiz/locations/us-central1/functions/jerseyAdded","type":"CREATE_FUNCTION","request":{"@type":"type.googleapis.com/google.cloud.functions.v1.CloudFunction","name":"projects/jerzboiz/locations/us-central1/functions/jerseyAdded","httpsTrigger":{"securityLevel":"SECURE_ALWAYS"},"entryPoint":"jerseyAdded","labels":{"deployment-tool":"cli-firebase","firebase-functions-hash":"da6988dda0e1bd31a75434c4c7549f24d77b205b"},"sourceUploadUrl":"https://storage.googleapis.com/uploads-636547669299.us-central1.cloudfunctions.appspot.com/3b52a868-a55c-4199-94a4-8ded888f80df.zip?GoogleAccessId=service-278415717353@gcf-admin-robot.iam.gserviceaccount.com&Expires=1690339468&Signature=aEdAWOR6CWWovoSGgwslMGwyiX%2BGgZCSl6nchVv0AlzfTeOZ3QL4nv7wZABt1EUptFkXqfdC0vpGObl8Onjz6%2Bkw7In0UcB%2BqqJONmt1vJHeOeFbhLONarX0FpVKGKtIx30198Gc5Ar%2FeAfTIziL94Xk1tyXp%2FQBI9JaalW1L%2FrWrIkhl7Z24zP%2FNb7OOrz%2BuXWMfiEVFmiorYvQOXVYzwrW62%2Bozte7Oa6OUZ64RXDxKoXuWXPGa37MghHuUJjT%2B6oCCtbiubBIRfSlBpZHWoBz5Kv%2FcRdDgT6MayIjwbKsqcABITa3iS5vowpeuPhABVtrI%2BB34JWxb0Scka8Rrg%3D%3D","environmentVariables":{"FIREBASE_CONFIG":"{\"projectId\":\"jerzboiz\",\"storageBucket\":\"jerzboiz.appspot.com\",\"locationId\":\"us-central\"}","GCLOUD_PROJECT":"jerzboiz","EVENTARC_CLOUD_EVENT_SOURCE":"projects/jerzboiz/locations/us-central1/functions/jerseyAdded"},"runtime":"nodejs18","buildEnvironmentVariables":{"GOOGLE_NODE_RUN_SCRIPTS":""},"dockerRegistry":"ARTIFACT_REGISTRY"},"versionId":"1","updateTime":"2023-07-26T02:14:29Z","buildId":"d1183204-1d6a-438e-8763-d4da39efd50d","buildName":"projects/278415717353/locations/us-central1/builds/d1183204-1d6a-438e-8763-d4da39efd50d"}}
[debug] [2023-07-26T02:15:05.040Z] [create-default-us-central1-jerseyAdded] Retrying task index 0
[debug] [2023-07-26T02:15:05.041Z] >>> [apiv2][query] GET https://cloudfunctions.googleapis.com/v1/operations/amVyemJvaXovdXMtY2VudHJhbDEvamVyc2V5QWRkZWQvc3d5TW5GOWtoNnM [none]
[debug] [2023-07-26T02:15:05.191Z] <<< [apiv2][status] GET https://cloudfunctions.googleapis.com/v1/operations/amVyemJvaXovdXMtY2VudHJhbDEvamVyc2V5QWRkZWQvc3d5TW5GOWtoNnM 200
[debug] [2023-07-26T02:15:05.191Z] <<< [apiv2][body] GET https://cloudfunctions.googleapis.com/v1/operations/amVyemJvaXovdXMtY2VudHJhbDEvamVyc2V5QWRkZWQvc3d5TW5GOWtoNnM {"name":"operations/amVyemJvaXovdXMtY2VudHJhbDEvamVyc2V5QWRkZWQvc3d5TW5GOWtoNnM","metadata":{"@type":"type.googleapis.com/google.cloud.functions.v1.OperationMetadataV1","target":"projects/jerzboiz/locations/us-central1/functions/jerseyAdded","type":"CREATE_FUNCTION","request":{"@type":"type.googleapis.com/google.cloud.functions.v1.CloudFunction","name":"projects/jerzboiz/locations/us-central1/functions/jerseyAdded","httpsTrigger":{"securityLevel":"SECURE_ALWAYS"},"entryPoint":"jerseyAdded","labels":{"deployment-tool":"cli-firebase","firebase-functions-hash":"da6988dda0e1bd31a75434c4c7549f24d77b205b"},"sourceUploadUrl":"https://storage.googleapis.com/uploads-636547669299.us-central1.cloudfunctions.appspot.com/3b52a868-a55c-4199-94a4-8ded888f80df.zip?GoogleAccessId=service-278415717353@gcf-admin-robot.iam.gserviceaccount.com&Expires=1690339468&Signature=aEdAWOR6CWWovoSGgwslMGwyiX%2BGgZCSl6nchVv0AlzfTeOZ3QL4nv7wZABt1EUptFkXqfdC0vpGObl8Onjz6%2Bkw7In0UcB%2BqqJONmt1vJHeOeFbhLONarX0FpVKGKtIx30198Gc5Ar%2FeAfTIziL94Xk1tyXp%2FQBI9JaalW1L%2FrWrIkhl7Z24zP%2FNb7OOrz%2BuXWMfiEVFmiorYvQOXVYzwrW62%2Bozte7Oa6OUZ64RXDxKoXuWXPGa37MghHuUJjT%2B6oCCtbiubBIRfSlBpZHWoBz5Kv%2FcRdDgT6MayIjwbKsqcABITa3iS5vowpeuPhABVtrI%2BB34JWxb0Scka8Rrg%3D%3D","environmentVariables":{"FIREBASE_CONFIG":"{\"projectId\":\"jerzboiz\",\"storageBucket\":\"jerzboiz.appspot.com\",\"locationId\":\"us-central\"}","GCLOUD_PROJECT":"jerzboiz","EVENTARC_CLOUD_EVENT_SOURCE":"projects/jerzboiz/locations/us-central1/functions/jerseyAdded"},"runtime":"nodejs18","buildEnvironmentVariables":{"GOOGLE_NODE_RUN_SCRIPTS":""},"dockerRegistry":"ARTIFACT_REGISTRY"},"versionId":"1","updateTime":"2023-07-26T02:14:29Z","buildId":"d1183204-1d6a-438e-8763-d4da39efd50d","buildName":"projects/278415717353/locations/us-central1/builds/d1183204-1d6a-438e-8763-d4da39efd50d"}}
[debug] [2023-07-26T02:15:15.192Z] [create-default-us-central1-jerseyAdded] Retrying task index 0
[debug] [2023-07-26T02:15:15.193Z] >>> [apiv2][query] GET https://cloudfunctions.googleapis.com/v1/operations/amVyemJvaXovdXMtY2VudHJhbDEvamVyc2V5QWRkZWQvc3d5TW5GOWtoNnM [none]
[debug] [2023-07-26T02:15:15.344Z] <<< [apiv2][status] GET https://cloudfunctions.googleapis.com/v1/operations/amVyemJvaXovdXMtY2VudHJhbDEvamVyc2V5QWRkZWQvc3d5TW5GOWtoNnM 200
[debug] [2023-07-26T02:15:15.345Z] <<< [apiv2][body] GET https://cloudfunctions.googleapis.com/v1/operations/amVyemJvaXovdXMtY2VudHJhbDEvamVyc2V5QWRkZWQvc3d5TW5GOWtoNnM {"name":"operations/amVyemJvaXovdXMtY2VudHJhbDEvamVyc2V5QWRkZWQvc3d5TW5GOWtoNnM","metadata":{"@type":"type.googleapis.com/google.cloud.functions.v1.OperationMetadataV1","target":"projects/jerzboiz/locations/us-central1/functions/jerseyAdded","type":"CREATE_FUNCTION","request":{"@type":"type.googleapis.com/google.cloud.functions.v1.CloudFunction","name":"projects/jerzboiz/locations/us-central1/functions/jerseyAdded","httpsTrigger":{"securityLevel":"SECURE_ALWAYS"},"entryPoint":"jerseyAdded","labels":{"deployment-tool":"cli-firebase","firebase-functions-hash":"da6988dda0e1bd31a75434c4c7549f24d77b205b"},"sourceUploadUrl":"https://storage.googleapis.com/uploads-636547669299.us-central1.cloudfunctions.appspot.com/3b52a868-a55c-4199-94a4-8ded888f80df.zip?GoogleAccessId=service-278415717353@gcf-admin-robot.iam.gserviceaccount.com&Expires=1690339468&Signature=aEdAWOR6CWWovoSGgwslMGwyiX%2BGgZCSl6nchVv0AlzfTeOZ3QL4nv7wZABt1EUptFkXqfdC0vpGObl8Onjz6%2Bkw7In0UcB%2BqqJONmt1vJHeOeFbhLONarX0FpVKGKtIx30198Gc5Ar%2FeAfTIziL94Xk1tyXp%2FQBI9JaalW1L%2FrWrIkhl7Z24zP%2FNb7OOrz%2BuXWMfiEVFmiorYvQOXVYzwrW62%2Bozte7Oa6OUZ64RXDxKoXuWXPGa37MghHuUJjT%2B6oCCtbiubBIRfSlBpZHWoBz5Kv%2FcRdDgT6MayIjwbKsqcABITa3iS5vowpeuPhABVtrI%2BB34JWxb0Scka8Rrg%3D%3D","environmentVariables":{"FIREBASE_CONFIG":"{\"projectId\":\"jerzboiz\",\"storageBucket\":\"jerzboiz.appspot.com\",\"locationId\":\"us-central\"}","GCLOUD_PROJECT":"jerzboiz","EVENTARC_CLOUD_EVENT_SOURCE":"projects/jerzboiz/locations/us-central1/functions/jerseyAdded"},"runtime":"nodejs18","buildEnvironmentVariables":{"GOOGLE_NODE_RUN_SCRIPTS":""},"dockerRegistry":"ARTIFACT_REGISTRY"},"versionId":"1","updateTime":"2023-07-26T02:14:29Z","buildId":"d1183204-1d6a-438e-8763-d4da39efd50d","buildName":"projects/278415717353/locations/us-central1/builds/d1183204-1d6a-438e-8763-d4da39efd50d"}}
